<?xml version="1.0" encoding="UTF-8"?>
<!-- Generated by org.testng.reporters.JUnitReportReporter -->
<testsuite hostname="DESKTOP-PIHJHIT" failures="0" tests="2" name="TestNG.Demo2" time="0.004" errors="0" timestamp="2023-10-13T10:41:40 IST" skipped="0">
  <testcase classname="TestNG.Demo2" name="Test1" time="0.002"/>
  <testcase classname="TestNG.Demo2" name="Test2" time="0.002"/>
</testsuite> <!-- TestNG.Demo2 -->
