<?xml version="1.0" encoding="UTF-8"?>
<!-- Generated by org.testng.reporters.JUnitReportReporter -->
<testsuite hostname="DESKTOP-PIHJHIT" failures="0" tests="3" name="TestNG.NewTest" time="0.074" errors="0" timestamp="2023-10-11T09:59:37 IST" skipped="0">
  <testcase classname="TestNG.NewTest" name="hi" time="0.026"/>
  <testcase classname="TestNG.NewTest" name="HelloWorld" time="0.010"/>
  <testcase classname="TestNG.NewTest" name="f" time="0.038"/>
</testsuite> <!-- TestNG.NewTest -->
