<?xml version="1.0" encoding="UTF-8"?>
<!-- Generated by org.testng.reporters.JUnitReportReporter -->
<testsuite hostname="DESKTOP-PIHJHIT" failures="0" tests="2" name="TestNG.ProviderTest" time="0.021" errors="0" timestamp="2023-10-29T22:31:08 IST" skipped="0">
  <testcase classname="TestNG.ProviderTest" name="credentials" time="0.012"/>
  <testcase classname="TestNG.ProviderTest" name="credentials" time="0.009"/>
</testsuite> <!-- TestNG.ProviderTest -->
