<?xml version="1.0" encoding="UTF-8"?>
<!-- Generated by org.testng.reporters.JUnitReportReporter -->
<testsuite hostname="DESKTOP-PIHJHIT" failures="0" tests="3" name="TestNG.AllWebsite" time="20.705" errors="0" timestamp="2023-10-11T20:35:19 IST" skipped="0">
  <testcase classname="TestNG.AllWebsite" name="Target" time="12.244"/>
  <testcase classname="TestNG.AllWebsite" name="Amazon" time="3.678"/>
  <testcase classname="TestNG.AllWebsite" name="Saucedemo" time="4.783"/>
</testsuite> <!-- TestNG.AllWebsite -->
