<?xml version="1.0" encoding="UTF-8"?>
<!-- Generated by org.testng.reporters.JUnitReportReporter -->
<testsuite hostname="DESKTOP-PIHJHIT" failures="0" tests="5" name="TestNG.Demo1" time="0.033" errors="0" timestamp="2023-10-13T10:41:40 IST" skipped="0">
  <testcase classname="TestNG.Demo1" name="bfsuite" time="0.002"/>
  <testcase classname="TestNG.Demo1" name="TestDemo2" time="0.024"/>
  <testcase classname="TestNG.Demo1" name="beforeTest" time="0.002"/>
  <testcase classname="TestNG.Demo1" name="afterTest" time="0.003"/>
  <testcase classname="TestNG.Demo1" name="afsuite" time="0.002"/>
</testsuite> <!-- TestNG.Demo1 -->
