<?xml version="1.0" encoding="UTF-8"?>
<!-- Generated by org.testng.reporters.JUnitReportReporter -->
<testsuite hostname="DESKTOP-PIHJHIT" failures="0" tests="1" name="TestNG.Carloan" time="0.002" errors="0" timestamp="2023-10-13T10:41:40 IST" skipped="0">
  <testcase classname="TestNG.Carloan" name="Honda" time="0.002"/>
</testsuite> <!-- TestNG.Carloan -->
